/Users/ztt/Library/Python/3.9/lib/python/site-packages/urllib3/__init__.py:35: NotOpenSSLWarning: urllib3 v2 only supports OpenSSL 1.1.1+, currently the 'ssl' module is compiled with 'LibreSSL 2.8.3'. See: https://github.com/urllib3/urllib3/issues/3020
  warnings.warn(
[DB] 初始化完成: sqlite:////Users/ztt/a-trader/data/market.db

============================================================
  多因子综合选股 — 方案四
============================================================

[1/5] 构建候选股票池...
[候选池] 拉取 10 只量化基金最新持仓...
  持仓进度: 10/10
  候选股票: 300 只

[2/5] 计算机构因子 (300 只)...
  持仓进度: 10/10

[3/5] 拉取财务因子...
  财务因子进度: 30/300
  财务因子进度: 60/300
  财务因子进度: 90/300
  财务因子进度: 120/300
  财务因子进度: 150/300
  财务因子进度: 180/300
  财务因子进度: 210/300
  财务因子进度: 240/300
  财务因子进度: 270/300
  财务因子进度: 300/300

[4/5] 拉取估值因子（总市值）...
  估值因子进度: 30/300
  估值因子进度: 60/300
  估值因子进度: 90/300
  估值因子进度: 120/300
  估值因子进度: 150/300
  估值因子进度: 180/300
  估值因子进度: 210/300
  估值因子进度: 240/300
  估值因子进度: 270/300
  估值因子进度: 300/300

[5/5] 计算动量因子...

[评分] 合并因子，计算综合得分...

============================================================
  Top 25 选股结果
============================================================
      ts_code  composite_score  ins_score  fin_score  val_score  mom_score  fund_count    roe  profit_growth  momentum_adj  total_mv_bn
0   603993.SH            76.65  89.966667  75.233333  39.066667       96.4           4  20.96          64.03        136.48      4154.78
1   601600.SH            76.56  89.966667  73.800000  47.933333       89.2           4  19.26          85.38         78.70      2233.58
2   300750.SZ            76.48  99.416667  81.683333  31.733333       79.0           6  24.91          42.28         40.72     18483.67
3   600989.SH            74.13  89.966667  74.116667  41.933333       82.6           4  24.84          79.09         50.08      2417.08
4   300502.SZ            73.93  98.016667  67.533333  26.733333       94.6           5  41.00         312.26        112.48      3869.98
5   601601.SH            73.43  89.966667  75.233333  51.733333       67.6           4  16.60          64.95         21.49      3896.24
6   300308.SZ            73.32  99.416667  66.916667  18.600000       98.5           6  31.23         137.93        171.79      6033.37
7   002463.SZ            71.97  98.016667  69.316667  30.133333       78.7           5  24.25          71.05         39.77      1647.06
8   601318.SH            71.30  89.966667  71.583333  48.666667       65.5           4  13.80          47.79         18.60     11197.77
9   301606.SZ            70.71  98.016667  62.733333  39.733333       72.7           5  20.20          19.29         30.71       294.59
10  002916.SZ            70.69  89.966667  67.833333  26.933333       89.8           4  20.79          74.47         82.95      1732.89
11  300394.SZ            70.67  89.966667  68.983333  16.133333       98.8           4  36.74          84.07        192.87      2176.76
12  601138.SH            69.96  99.416667  63.775000  30.333333       74.7           6  21.65          51.99         56.56     10107.82
13  603799.SH            69.94  89.966667  62.158333  43.800000       77.7           4  11.69          23.99         65.72      1173.32
14  600066.SH            69.78  71.416667  74.816667  60.733333       68.8           3  30.94         126.53         24.47       690.31
15  300476.SZ            69.58  89.966667  71.533333  26.333333       79.3           4  35.56         273.52         41.56      2443.16
16  605117.SH            69.25  71.416667  74.225000  37.666667       90.1           3  39.24          65.29         83.05      1144.64
17  688037.SH            69.00  89.966667  40.950000  59.100000       89.5           4   8.10         -19.08         80.35       343.05
18  002001.SZ            68.89  71.416667  71.266667  55.333333       75.1           3  21.78         117.01         34.80      1084.30
19  002371.SZ            68.88  99.416667  62.166667  21.533333       80.5           6  24.83          44.17         45.40      3261.75
20  603285.SH            68.71  89.966667  35.333333  69.100000       86.5           4  12.72         -16.83         61.57        55.23
21  000975.SZ            68.10  71.416667  69.975000  42.200000       86.2           3  21.56          36.75         61.05       849.12
22  301611.SZ            68.08  71.416667  69.683333  32.666667       96.1           3  29.32         279.88        130.67       448.12
23  600938.SH            67.89  89.966667  62.700000  35.933333       74.5           4  19.36          11.38         33.68     19230.62
24  601168.SH            67.78  71.416667  64.191667  44.466667       91.0           3  18.23           5.10         83.73       667.48

============================================================
  选股摘要（按综合得分排名）
============================================================
   1. [76.7分] 洛阳钼业(603993) | 4基金持仓 | ROE 21.0% | 利润增速 +64% | 动量 +136.5% | 4155亿
   2. [76.6分] 中国铝业(601600) | 4基金持仓 | ROE 19.3% | 利润增速 +85% | 动量 +78.7% | 2234亿
   3. [76.5分] 宁德时代(300750) | 6基金持仓 | ROE 24.9% | 利润增速 +42% | 动量 +40.7% | 18484亿
   4. [74.1分] 宝丰能源(600989) | 4基金持仓 | ROE 24.8% | 利润增速 +79% | 动量 +50.1% | 2417亿
   5. [73.9分] 300502.SZ(300502) | 5基金持仓 | ROE 41.0% | 利润增速 +312% | 动量 +112.5% | 3870亿
   6. [73.4分] 中国太保(601601) | 4基金持仓 | ROE 16.6% | 利润增速 +65% | 动量 +21.5% | 3896亿
   7. [73.3分] 中际旭创(300308) | 6基金持仓 | ROE 31.2% | 利润增速 +138% | 动量 +171.8% | 6033亿
   8. [72.0分] 002463.SZ(002463) | 5基金持仓 | ROE 24.2% | 利润增速 +71% | 动量 +39.8% | 1647亿
   9. [71.3分] 中国平安(601318) | 4基金持仓 | ROE 13.8% | 利润增速 +48% | 动量 +18.6% | 11198亿
  10. [70.7分] 绿联科技(301606) | 5基金持仓 | ROE 20.2% | 利润增速 +19% | 动量 +30.7% | 295亿
  11. [70.7分] 深南电路(002916) | 4基金持仓 | ROE 20.8% | 利润增速 +74% | 动量 +83.0% | 1733亿
  12. [70.7分] 300394.SZ(300394) | 4基金持仓 | ROE 36.7% | 利润增速 +84% | 动量 +192.9% | 2177亿
  13. [70.0分] 工业富联(601138) | 6基金持仓 | ROE 21.6% | 利润增速 +52% | 动量 +56.6% | 10108亿
  14. [69.9分] 华友钴业(603799) | 4基金持仓 | ROE 11.7% | 利润增速 +24% | 动量 +65.7% | 1173亿
  15. [69.8分] 600066.SH(600066) | 3基金持仓 | ROE 30.9% | 利润增速 +127% | 动量 +24.5% | 690亿
  16. [69.6分] 300476.SZ(300476) | 4基金持仓 | ROE 35.6% | 利润增速 +274% | 动量 +41.6% | 2443亿
  17. [69.2分] 德业股份(605117) | 3基金持仓 | ROE 39.2% | 利润增速 +65% | 动量 +83.0% | 1145亿
  18. [69.0分] 芯源微(688037) | 4基金持仓 | ROE 8.1% | 利润增速 -19% | 动量 +80.3% | 343亿
  19. [68.9分] 002001.SZ(002001) | 3基金持仓 | ROE 21.8% | 利润增速 +117% | 动量 +34.8% | 1084亿
  20. [68.9分] 002371.SZ(002371) | 6基金持仓 | ROE 24.8% | 利润增速 +44% | 动量 +45.4% | 3262亿
  21. [68.7分] 键邦股份(603285) | 4基金持仓 | ROE 12.7% | 利润增速 -17% | 动量 +61.6% | 55亿
  22. [68.1分] 000975.SZ(000975) | 3基金持仓 | ROE 21.6% | 利润增速 +37% | 动量 +61.0% | 849亿
  23. [68.1分] 301611.SZ(301611) | 3基金持仓 | ROE 29.3% | 利润增速 +280% | 动量 +130.7% | 448亿
  24. [67.9分] 中国海油(600938) | 4基金持仓 | ROE 19.4% | 利润增速 +11% | 动量 +33.7% | 19231亿
  25. [67.8分] 西部矿业(601168) | 3基金持仓 | ROE 18.2% | 利润增速 +5% | 动量 +83.7% | 667亿
